<?xml version="1.0" encoding="UTF-8"?>
<!-- Generated by org.testng.reporters.JUnitReportReporter -->
<testsuite hostname="LTIN487404" failures="0" tests="3" name="testCase.TC_01_IdentifyNewBikes" time="168.193" errors="0" timestamp="2024-02-23T10:32:16 IST" skipped="0">
  <testcase classname="testCase.TC_01_IdentifyNewBikes" name="ExtractingNewBikes" time="31.481"/>
  <system-out/>
  <testcase classname="testCase.TC_01_IdentifyNewBikes" name="ExtractingUsedCars" time="122.522"/>
  <system-out/>
  <testcase classname="testCase.TC_01_IdentifyNewBikes" name="GoogleLogin" time="14.190"/>
  <system-out/>
</testsuite> <!-- testCase.TC_01_IdentifyNewBikes -->
