<?xml version="1.0" encoding="UTF-8"?>
<!-- Generated by org.testng.reporters.JUnitReportReporter -->
<testsuite hostname="LTIN487404" failures="0" tests="3" name="testCase.TC_02_ExtractingUsedCars" time="53.512" errors="0" timestamp="2024-03-01T12:27:42 IST" skipped="0">
  <testcase classname="testCase.TC_02_ExtractingUsedCars" name="ClickingUsedCars" time="16.854"/>
  <system-out/>
  <testcase classname="testCase.TC_02_ExtractingUsedCars" name="UsedCarsPopularList" time="0.187"/>
  <system-out/>
  <testcase classname="testCase.TC_02_ExtractingUsedCars" name="ExtractUsedCarDetails" time="36.471"/>
  <system-out/>
</testsuite> <!-- testCase.TC_02_ExtractingUsedCars -->
