<?xml version="1.0" encoding="UTF-8"?>
<!-- Generated by org.testng.reporters.JUnitReportReporter -->
<testsuite hostname="LTIN487404" failures="0" tests="3" name="testCase.TC_01_UpcomingNewBikes" time="7.652" errors="0" timestamp="2024-03-01T12:27:42 IST" skipped="0">
  <testcase classname="testCase.TC_01_UpcomingNewBikes" name="ExtractingNewBikes" time="3.754"/>
  <system-out/>
  <testcase classname="testCase.TC_01_UpcomingNewBikes" name="SelectingManufacturer" time="1.293"/>
  <system-out/>
  <testcase classname="testCase.TC_01_UpcomingNewBikes" name="ExtractBikeNames" time="2.605"/>
  <system-out/>
</testsuite> <!-- testCase.TC_01_UpcomingNewBikes -->
